<?xml version="1.0" encoding="UTF-8"?>
<!-- Generated by org.testng.reporters.JUnitXMLReporter -->
<testsuite ignored="0" hostname="DESKTOP-1V0AU27" failures="4" tests="18" name="Surefire test" time="211.795" errors="0" timestamp="2021-05-07T20:25:44 MSK">
  <testcase classname="base.BaseTests" name="@AfterMethod recordFailure" time="0.467">
    <failure type="java.io.FileNotFoundException" message="src\test\resources\screenshots\screenshottestSelectOptionpng (The system cannot find the path specified)">
      <![CDATA[java.io.FileNotFoundException: src\test\resources\screenshots\screenshottestSelectOptionpng (The system cannot find the path specified)
at java.base/java.io.FileOutputStream.open0(Native Method)
at java.base/java.io.FileOutputStream.open(FileOutputStream.java:298)
at java.base/java.io.FileOutputStream.<init>(FileOutputStream.java:237)
at com.google.common.io.Files$FileByteSink.openStream(Files.java:192)
at com.google.common.io.Files$FileByteSink.openStream(Files.java:180)
at com.google.common.io.ByteSource.copyTo(ByteSource.java:268)
at com.google.common.io.Files.copy(Files.java:319)
at com.google.common.io.Files.move(Files.java:478)
at base.BaseTests.takeScreenshot(BaseTests.java:61)
at base.BaseTests.recordFailure(BaseTests.java:67)
at java.base/java.util.ArrayList.forEach(ArrayList.java:1540)
... Removed 37 stack frames]]>
    </failure>
  </testcase> <!-- @AfterMethod recordFailure -->
  <testcase classname="base.BaseTests" name="@AfterClass tearDown" time="-1.620408166019E9">
    <skipped/>
  </testcase> <!-- @AfterClass tearDown -->
  <testcase classname="base.BaseTests" name="@AfterMethod recordFailure" time="1.065">
    <failure type="java.io.FileNotFoundException" message="src\test\resources\screenshots\screenshottestHoverUserpng (The system cannot find the path specified)">
      <![CDATA[java.io.FileNotFoundException: src\test\resources\screenshots\screenshottestHoverUserpng (The system cannot find the path specified)
at java.base/java.io.FileOutputStream.open0(Native Method)
at java.base/java.io.FileOutputStream.open(FileOutputStream.java:298)
at java.base/java.io.FileOutputStream.<init>(FileOutputStream.java:237)
at com.google.common.io.Files$FileByteSink.openStream(Files.java:192)
at com.google.common.io.Files$FileByteSink.openStream(Files.java:180)
at com.google.common.io.ByteSource.copyTo(ByteSource.java:268)
at com.google.common.io.Files.copy(Files.java:319)
at com.google.common.io.Files.move(Files.java:478)
at base.BaseTests.takeScreenshot(BaseTests.java:61)
at base.BaseTests.recordFailure(BaseTests.java:67)
at java.base/java.util.ArrayList.forEach(ArrayList.java:1540)
... Removed 37 stack frames]]>
    </failure>
  </testcase> <!-- @AfterMethod recordFailure -->
  <testcase classname="base.BaseTests" name="@AfterClass tearDown" time="-1.620408223048E9">
    <skipped/>
  </testcase> <!-- @AfterClass tearDown -->
  <testcase classname="base.BaseTests" name="@AfterMethod recordFailure" time="0.57">
    <failure type="java.io.FileNotFoundException" message="src\test\resources\screenshots\screenshottestSuccessfulLoginpng (The system cannot find the path specified)">
      <![CDATA[java.io.FileNotFoundException: src\test\resources\screenshots\screenshottestSuccessfulLoginpng (The system cannot find the path specified)
at java.base/java.io.FileOutputStream.open0(Native Method)
at java.base/java.io.FileOutputStream.open(FileOutputStream.java:298)
at java.base/java.io.FileOutputStream.<init>(FileOutputStream.java:237)
at com.google.common.io.Files$FileByteSink.openStream(Files.java:192)
at com.google.common.io.Files$FileByteSink.openStream(Files.java:180)
at com.google.common.io.ByteSource.copyTo(ByteSource.java:268)
at com.google.common.io.Files.copy(Files.java:319)
at com.google.common.io.Files.move(Files.java:478)
at base.BaseTests.takeScreenshot(BaseTests.java:61)
at base.BaseTests.recordFailure(BaseTests.java:67)
at java.base/java.util.ArrayList.forEach(ArrayList.java:1540)
... Removed 37 stack frames]]>
    </failure>
  </testcase> <!-- @AfterMethod recordFailure -->
  <testcase classname="base.BaseTests" name="@AfterClass tearDown" time="-1.620408278996E9">
    <skipped/>
  </testcase> <!-- @AfterClass tearDown -->
  <testcase classname="base.BaseTests" name="@AfterMethod recordFailure" time="0.453">
    <failure type="java.io.FileNotFoundException" message="src\test\resources\screenshots\screenshottestSliderspng (The system cannot find the path specified)">
      <![CDATA[java.io.FileNotFoundException: src\test\resources\screenshots\screenshottestSliderspng (The system cannot find the path specified)
at java.base/java.io.FileOutputStream.open0(Native Method)
at java.base/java.io.FileOutputStream.open(FileOutputStream.java:298)
at java.base/java.io.FileOutputStream.<init>(FileOutputStream.java:237)
at com.google.common.io.Files$FileByteSink.openStream(Files.java:192)
at com.google.common.io.Files$FileByteSink.openStream(Files.java:180)
at com.google.common.io.ByteSource.copyTo(ByteSource.java:268)
at com.google.common.io.Files.copy(Files.java:319)
at com.google.common.io.Files.move(Files.java:478)
at base.BaseTests.takeScreenshot(BaseTests.java:61)
at base.BaseTests.recordFailure(BaseTests.java:67)
at java.base/java.util.ArrayList.forEach(ArrayList.java:1540)
... Removed 36 stack frames]]>
    </failure>
  </testcase> <!-- @AfterMethod recordFailure -->
  <testcase classname="base.BaseTests" name="@AfterClass tearDown" time="-1.620408325866E9">
    <skipped/>
  </testcase> <!-- @AfterClass tearDown -->
  <testcase classname="alerts.AlertTests" name="testAlert" time="3.199"/>
  <testcase classname="alerts.AlertTests" name="testConfirm" time="1.069"/>
  <testcase classname="alerts.AlertTests" name="testPrompt" time="2.426"/>
  <testcase classname="dropdown.DropDownTests" name="testSelectOption" time="0.692">
    <failure type="java.lang.ClassCastException" message="class org.openqa.selenium.support.events.EventFiringWebDriver$EventFiringWebElement cannot be cast to class org.openqa.selenium.support.ui.Select (org.openqa.selenium.support.events.EventFiringWebDriver$EventFiringWebElement and org.openqa.selenium.support.ui.Select are in unnamed module of loader &amp;apos;app&amp;apos;)">
      <![CDATA[java.lang.ClassCastException: class org.openqa.selenium.support.events.EventFiringWebDriver$EventFiringWebElement cannot be cast to class org.openqa.selenium.support.ui.Select (org.openqa.selenium.support.events.EventFiringWebDriver$EventFiringWebElement and org.openqa.selenium.support.ui.Select are in unnamed module of loader 'app')
at pages.DropdownPage.selectFromDropDown(DropdownPage.java:20)
at dropdown.DropDownTests.testSelectOption(DropDownTests.java:17)
at java.base/java.util.ArrayList.forEach(ArrayList.java:1540)
... Removed 32 stack frames]]>
    </failure>
  </testcase> <!-- testSelectOption -->
  <testcase classname="fileUpload.FileUploadTests" name="testFileUpload" time="18.558"/>
  <testcase classname="forgotPassword.ForgotPasswordTests" name="testForgottenEmail" time="1.988"/>
  <testcase classname="frames.FrameTests" name="testEditor" time="3.811"/>
  <testcase classname="hovers.HoversTests" name="testHoverUser" time="2.191">
    <failure type="java.lang.AssertionError" message="wrong link href attr expected [/user/1] but found [http://the-internet.herokuapp.com/users/1]">
      <![CDATA[java.lang.AssertionError: wrong link href attr expected [/user/1] but found [http://the-internet.herokuapp.com/users/1]
at hovers.HoversTests.testHoverUser(HoversTests.java:22)
at java.base/java.util.ArrayList.forEach(ArrayList.java:1540)
... Removed 37 stack frames]]>
    </failure>
  </testcase> <!-- testHoverUser -->
  <testcase classname="js.JavaScriptTests" name="testJS" time="1.739"/>
  <testcase classname="keys.KeysTests" name="testBackSpace" time="3.083"/>
  <testcase classname="keys.KeysTests" name="testShortCuts" time="3.013"/>
  <testcase classname="login.LoginTests" name="testSuccessfulLogin" time="2.94">
    <failure type="java.lang.AssertionError" message="Message is wrong expected [You logged into a secure area!
ﾃ余 but found [Your username is invalid!
ﾃ余">
      <![CDATA[java.lang.AssertionError: Message is wrong expected [You logged into a secure area!
ﾃ余 but found [Your username is invalid!
ﾃ余
at login.LoginTests.testSuccessfulLogin(LoginTests.java:18)
at java.base/java.util.ArrayList.forEach(ArrayList.java:1540)
... Removed 37 stack frames]]>
    </failure>
  </testcase> <!-- testSuccessfulLogin -->
  <testcase classname="modals.ModalTests" name="testModal" time="1.992"/>
  <testcase classname="navigation.NavigationTests" name="testNavigation" time="8.628"/>
  <testcase classname="navigation.NavigationTests" name="testSwitchToTab" time="3.153"/>
  <testcase classname="shiftingContent.ShiftingContentTests" name="testShiftingContentMenu" time="1.006"/>
  <testcase classname="sliders.HorizontalSliderTests" name="testSliders" time="0.801">
    <failure type="java.lang.AssertionError" message="wrong slider value expected [4] but found [[[ChromeDriver: chrome on WINDOWS (2bebb34c4dcd5ee0519e965c95861a22)] -&amp;gt; xpath: //*[@id=&amp;apos;range&amp;apos;]]]">
      <![CDATA[java.lang.AssertionError: wrong slider value expected [4] but found [[[ChromeDriver: chrome on WINDOWS (2bebb34c4dcd5ee0519e965c95861a22)] -> xpath: //*[@id='range']]]
at sliders.HorizontalSliderTests.testSliders(HorizontalSliderTests.java:12)
at java.base/java.util.ArrayList.forEach(ArrayList.java:1540)
... Removed 36 stack frames]]>
    </failure>
  </testcase> <!-- testSliders -->
  <testcase classname="wait.WaitTests" name="testWaits" time="6.317"/>
</testsuite> <!-- Surefire test -->
