<!DOCTYPE html PUBLIC "-//W3C//DTD XHTML 1.1//EN" "https://www.w3.org/TR/xhtml11/DTD/xhtml11.dtd">
<html xmlns="https://www.w3.org/1999/xhtml">
<head>
<meta http-equiv="content-type" content="text/html; charset=UTF-8"/>
<title>TestNG Report</title>
<style type="text/css">table {margin-bottom:10px;border-collapse:collapse;empty-cells:show}th,td {border:1px solid #009;padding:.25em .5em}th {vertical-align:bottom}td {vertical-align:top}table a {font-weight:bold}.stripe td {background-color: #E6EBF9}.num {text-align:right}.passedodd td {background-color: #3F3}.passedeven td {background-color: #0A0}.skippedodd td {background-color: #DDD}.skippedeven td {background-color: #CCC}.failedodd td,.attn {background-color: #F33}.failedeven td,.stripe .attn {background-color: #D00}.stacktrace {white-space:pre;font-family:monospace}.totop {font-size:85%;text-align:center;border-bottom:2px solid #000}.invisible {display:none}</style>
</head>
<body>
<table>
<tr><th>Test</th><th># Passed</th><th># Skipped</th><th># Retried</th><th># Failed</th><th>Time (ms)</th><th>Included Groups</th><th>Excluded Groups</th></tr>
<tr><th colspan="8">Surefire suite</th></tr>
<tr><td><a href="#t0">Surefire test</a></td><td class="num">14</td><td class="num">0</td><td class="num">0</td><td class="num attn">4</td><td class="num">211,795</td><td></td><td></td></tr>
</table>
<table id='summary'><thead><tr><th>Class</th><th>Method</th><th>Start</th><th>Time (ms)</th></tr></thead><tbody><tr><th colspan="4">Surefire suite</th></tr></tbody><tbody id="t0"><tr><th colspan="4">Surefire test &#8212; failed (configuration methods)</th></tr><tr class="failedeven"><td rowspan="1">dropdown.DropDownTests</td><td><a href="#m0">recordFailure</a></td><td rowspan="1">1620408165536</td><td rowspan="1">467</td></tr><tr class="failedodd"><td rowspan="1">hovers.HoversTests</td><td><a href="#m1">recordFailure</a></td><td rowspan="1">1620408221523</td><td rowspan="1">1065</td></tr><tr class="failedeven"><td rowspan="1">login.LoginTests</td><td><a href="#m2">recordFailure</a></td><td rowspan="1">1620408278419</td><td rowspan="1">570</td></tr><tr class="failedodd"><td rowspan="1">sliders.HorizontalSliderTests</td><td><a href="#m3">recordFailure</a></td><td rowspan="1">1620408325404</td><td rowspan="1">453</td></tr><tr><th colspan="4">Surefire test &#8212; failed</th></tr><tr class="failedeven"><td rowspan="1">dropdown.DropDownTests</td><td><a href="#m4">testSelectOption</a></td><td rowspan="1">1620408164824</td><td rowspan="1">692</td></tr><tr class="failedodd"><td rowspan="1">hovers.HoversTests</td><td><a href="#m5">testHoverUser</a></td><td rowspan="1">1620408219329</td><td rowspan="1">2191</td></tr><tr class="failedeven"><td rowspan="1">login.LoginTests</td><td><a href="#m6">testSuccessfulLogin</a></td><td rowspan="1">1620408275421</td><td rowspan="1">2940</td></tr><tr class="failedodd"><td rowspan="1">sliders.HorizontalSliderTests</td><td><a href="#m7">testSliders</a></td><td rowspan="1">1620408324599</td><td rowspan="1">801</td></tr><tr><th colspan="4">Surefire test &#8212; skipped (configuration methods)</th></tr><tr class="skippedeven"><td rowspan="1">dropdown.DropDownTests</td><td><a href="#m8">tearDown</a></td><td rowspan="1">1620408166019</td><td rowspan="1">-1620408166019</td></tr><tr class="skippedodd"><td rowspan="1">hovers.HoversTests</td><td><a href="#m9">tearDown</a></td><td rowspan="1">1620408223048</td><td rowspan="1">-1620408223048</td></tr><tr class="skippedeven"><td rowspan="1">login.LoginTests</td><td><a href="#m10">tearDown</a></td><td rowspan="1">1620408278996</td><td rowspan="1">-1620408278996</td></tr><tr class="skippedodd"><td rowspan="1">sliders.HorizontalSliderTests</td><td><a href="#m11">tearDown</a></td><td rowspan="1">1620408325866</td><td rowspan="1">-1620408325866</td></tr><tr><th colspan="4">Surefire test &#8212; passed</th></tr><tr class="passedeven"><td rowspan="3">alerts.AlertTests</td><td><a href="#m12">testAlert</a></td><td rowspan="1">1620408145615</td><td rowspan="1">3199</td></tr><tr class="passedeven"><td><a href="#m13">testConfirm</a></td><td rowspan="1">1620408149396</td><td rowspan="1">1069</td></tr><tr class="passedeven"><td><a href="#m14">testPrompt</a></td><td rowspan="1">1620408150935</td><td rowspan="1">2426</td></tr><tr class="passedodd"><td rowspan="1">fileUpload.FileUploadTests</td><td><a href="#m15">testFileUpload</a></td><td rowspan="1">1620408172481</td><td rowspan="1">18558</td></tr><tr class="passedeven"><td rowspan="1">forgotPassword.ForgotPasswordTests</td><td><a href="#m16">testForgottenEmail</a></td><td rowspan="1">1620408197945</td><td rowspan="1">1988</td></tr><tr class="passedodd"><td rowspan="1">frames.FrameTests</td><td><a href="#m17">testEditor</a></td><td rowspan="1">1620408208548</td><td rowspan="1">3811</td></tr><tr class="passedeven"><td rowspan="1">js.JavaScriptTests</td><td><a href="#m18">testJS</a></td><td rowspan="1">1620408232684</td><td rowspan="1">1739</td></tr><tr class="passedodd"><td rowspan="2">keys.KeysTests</td><td><a href="#m19">testBackSpace</a></td><td rowspan="1">1620408247278</td><td rowspan="1">3083</td></tr><tr class="passedodd"><td><a href="#m20">testShortCuts</a></td><td rowspan="1">1620408254795</td><td rowspan="1">3013</td></tr><tr class="passedeven"><td rowspan="1">modals.ModalTests</td><td><a href="#m21">testModal</a></td><td rowspan="1">1620408286188</td><td rowspan="1">1992</td></tr><tr class="passedodd"><td rowspan="2">navigation.NavigationTests</td><td><a href="#m22">testNavigation</a></td><td rowspan="1">1620408296944</td><td rowspan="1">8628</td></tr><tr class="passedodd"><td><a href="#m23">testSwitchToTab</a></td><td rowspan="1">1620408306388</td><td rowspan="1">3153</td></tr><tr class="passedeven"><td rowspan="1">shiftingContent.ShiftingContentTests</td><td><a href="#m24">testShiftingContentMenu</a></td><td rowspan="1">1620408316626</td><td rowspan="1">1006</td></tr><tr class="passedodd"><td rowspan="1">wait.WaitTests</td><td><a href="#m25">testWaits</a></td><td rowspan="1">1620408331500</td><td rowspan="1">6317</td></tr></tbody>
</table>
<h2>Surefire test</h2><h3 id="m0">dropdown.DropDownTests#recordFailure</h3><table class="result"><tr class="param"><th>Parameter #1</th></tr><tr class="param stripe"><td>[TestResult name=testSelectOption status=FAILURE method=DropDownTests.testSelectOption()[pri:0, instance:dropdown.DropDownTests@76954a33] output={null}]</td></tr><tr><th>Exception</th></tr><tr><td><div class="stacktrace">java.io.FileNotFoundException: src\test\resources\screenshots\screenshottestSelectOptionpng (The system cannot find the path specified)
	at java.base/java.io.FileOutputStream.open0(Native Method)
	at java.base/java.io.FileOutputStream.open(FileOutputStream.java:298)
	at java.base/java.io.FileOutputStream.&lt;init&gt;(FileOutputStream.java:237)
	at com.google.common.io.Files$FileByteSink.openStream(Files.java:192)
	at com.google.common.io.Files$FileByteSink.openStream(Files.java:180)
	at com.google.common.io.ByteSource.copyTo(ByteSource.java:268)
	at com.google.common.io.Files.copy(Files.java:319)
	at com.google.common.io.Files.move(Files.java:478)
	at base.BaseTests.takeScreenshot(BaseTests.java:61)
	at base.BaseTests.recordFailure(BaseTests.java:67)
	at java.base/java.util.ArrayList.forEach(ArrayList.java:1540)
... Removed 37 stack frames</div></td></tr></table><p class="totop"><a href="#summary">back to summary</a></p>
<h3 id="m1">hovers.HoversTests#recordFailure</h3><table class="result"><tr class="param"><th>Parameter #1</th></tr><tr class="param stripe"><td>[TestResult name=testHoverUser status=FAILURE method=HoversTests.testHoverUser()[pri:0, instance:hovers.HoversTests@44c5a16f] output={null}]</td></tr><tr><th>Exception</th></tr><tr><td><div class="stacktrace">java.io.FileNotFoundException: src\test\resources\screenshots\screenshottestHoverUserpng (The system cannot find the path specified)
	at java.base/java.io.FileOutputStream.open0(Native Method)
	at java.base/java.io.FileOutputStream.open(FileOutputStream.java:298)
	at java.base/java.io.FileOutputStream.&lt;init&gt;(FileOutputStream.java:237)
	at com.google.common.io.Files$FileByteSink.openStream(Files.java:192)
	at com.google.common.io.Files$FileByteSink.openStream(Files.java:180)
	at com.google.common.io.ByteSource.copyTo(ByteSource.java:268)
	at com.google.common.io.Files.copy(Files.java:319)
	at com.google.common.io.Files.move(Files.java:478)
	at base.BaseTests.takeScreenshot(BaseTests.java:61)
	at base.BaseTests.recordFailure(BaseTests.java:67)
	at java.base/java.util.ArrayList.forEach(ArrayList.java:1540)
... Removed 37 stack frames</div></td></tr></table><p class="totop"><a href="#summary">back to summary</a></p>
<h3 id="m2">login.LoginTests#recordFailure</h3><table class="result"><tr class="param"><th>Parameter #1</th></tr><tr class="param stripe"><td>[TestResult name=testSuccessfulLogin status=FAILURE method=LoginTests.testSuccessfulLogin()[pri:0, instance:login.LoginTests@21325036] output={null}]</td></tr><tr><th>Exception</th></tr><tr><td><div class="stacktrace">java.io.FileNotFoundException: src\test\resources\screenshots\screenshottestSuccessfulLoginpng (The system cannot find the path specified)
	at java.base/java.io.FileOutputStream.open0(Native Method)
	at java.base/java.io.FileOutputStream.open(FileOutputStream.java:298)
	at java.base/java.io.FileOutputStream.&lt;init&gt;(FileOutputStream.java:237)
	at com.google.common.io.Files$FileByteSink.openStream(Files.java:192)
	at com.google.common.io.Files$FileByteSink.openStream(Files.java:180)
	at com.google.common.io.ByteSource.copyTo(ByteSource.java:268)
	at com.google.common.io.Files.copy(Files.java:319)
	at com.google.common.io.Files.move(Files.java:478)
	at base.BaseTests.takeScreenshot(BaseTests.java:61)
	at base.BaseTests.recordFailure(BaseTests.java:67)
	at java.base/java.util.ArrayList.forEach(ArrayList.java:1540)
... Removed 37 stack frames</div></td></tr></table><p class="totop"><a href="#summary">back to summary</a></p>
<h3 id="m3">sliders.HorizontalSliderTests#recordFailure</h3><table class="result"><tr class="param"><th>Parameter #1</th></tr><tr class="param stripe"><td>[TestResult name=testSliders status=FAILURE method=HorizontalSliderTests.testSliders()[pri:0, instance:sliders.HorizontalSliderTests@5ee34b1b] output={null}]</td></tr><tr><th>Exception</th></tr><tr><td><div class="stacktrace">java.io.FileNotFoundException: src\test\resources\screenshots\screenshottestSliderspng (The system cannot find the path specified)
	at java.base/java.io.FileOutputStream.open0(Native Method)
	at java.base/java.io.FileOutputStream.open(FileOutputStream.java:298)
	at java.base/java.io.FileOutputStream.&lt;init&gt;(FileOutputStream.java:237)
	at com.google.common.io.Files$FileByteSink.openStream(Files.java:192)
	at com.google.common.io.Files$FileByteSink.openStream(Files.java:180)
	at com.google.common.io.ByteSource.copyTo(ByteSource.java:268)
	at com.google.common.io.Files.copy(Files.java:319)
	at com.google.common.io.Files.move(Files.java:478)
	at base.BaseTests.takeScreenshot(BaseTests.java:61)
	at base.BaseTests.recordFailure(BaseTests.java:67)
	at java.base/java.util.ArrayList.forEach(ArrayList.java:1540)
... Removed 36 stack frames</div></td></tr></table><p class="totop"><a href="#summary">back to summary</a></p>
<h3 id="m4">dropdown.DropDownTests#testSelectOption</h3><table class="result"><tr><th>Exception</th></tr><tr><td><div class="stacktrace">java.lang.ClassCastException: class org.openqa.selenium.support.events.EventFiringWebDriver$EventFiringWebElement cannot be cast to class org.openqa.selenium.support.ui.Select (org.openqa.selenium.support.events.EventFiringWebDriver$EventFiringWebElement and org.openqa.selenium.support.ui.Select are in unnamed module of loader &apos;app&apos;)
	at pages.DropdownPage.selectFromDropDown(DropdownPage.java:20)
	at dropdown.DropDownTests.testSelectOption(DropDownTests.java:17)
	at java.base/java.util.ArrayList.forEach(ArrayList.java:1540)
... Removed 32 stack frames</div></td></tr></table><p class="totop"><a href="#summary">back to summary</a></p>
<h3 id="m5">hovers.HoversTests#testHoverUser</h3><table class="result"><tr><th>Exception</th></tr><tr><td><div class="stacktrace">java.lang.AssertionError: wrong link href attr expected [/user/1] but found [http://the-internet.herokuapp.com/users/1]
	at hovers.HoversTests.testHoverUser(HoversTests.java:22)
	at java.base/java.util.ArrayList.forEach(ArrayList.java:1540)
... Removed 37 stack frames</div></td></tr></table><p class="totop"><a href="#summary">back to summary</a></p>
<h3 id="m6">login.LoginTests#testSuccessfulLogin</h3><table class="result"><tr><th>Exception</th></tr><tr><td><div class="stacktrace">java.lang.AssertionError: Message is wrong expected [You logged into a secure area!
×] but found [Your username is invalid!
×]
	at login.LoginTests.testSuccessfulLogin(LoginTests.java:18)
	at java.base/java.util.ArrayList.forEach(ArrayList.java:1540)
... Removed 37 stack frames</div></td></tr></table><p class="totop"><a href="#summary">back to summary</a></p>
<h3 id="m7">sliders.HorizontalSliderTests#testSliders</h3><table class="result"><tr><th>Exception</th></tr><tr><td><div class="stacktrace">java.lang.AssertionError: wrong slider value expected [4] but found [[[ChromeDriver: chrome on WINDOWS (2bebb34c4dcd5ee0519e965c95861a22)] -&gt; xpath: //*[@id=&apos;range&apos;]]]
	at sliders.HorizontalSliderTests.testSliders(HorizontalSliderTests.java:12)
	at java.base/java.util.ArrayList.forEach(ArrayList.java:1540)
... Removed 36 stack frames</div></td></tr></table><p class="totop"><a href="#summary">back to summary</a></p>
<h3 id="m8">dropdown.DropDownTests#tearDown</h3><table class="result"><tr><th class="invisible"/></tr></table><p class="totop"><a href="#summary">back to summary</a></p>
<h3 id="m9">hovers.HoversTests#tearDown</h3><table class="result"><tr><th class="invisible"/></tr></table><p class="totop"><a href="#summary">back to summary</a></p>
<h3 id="m10">login.LoginTests#tearDown</h3><table class="result"><tr><th class="invisible"/></tr></table><p class="totop"><a href="#summary">back to summary</a></p>
<h3 id="m11">sliders.HorizontalSliderTests#tearDown</h3><table class="result"><tr><th class="invisible"/></tr></table><p class="totop"><a href="#summary">back to summary</a></p>
<h3 id="m12">alerts.AlertTests#testAlert</h3><table class="result"><tr><th class="invisible"/></tr></table><p class="totop"><a href="#summary">back to summary</a></p>
<h3 id="m13">alerts.AlertTests#testConfirm</h3><table class="result"><tr><th class="invisible"/></tr></table><p class="totop"><a href="#summary">back to summary</a></p>
<h3 id="m14">alerts.AlertTests#testPrompt</h3><table class="result"><tr><th class="invisible"/></tr></table><p class="totop"><a href="#summary">back to summary</a></p>
<h3 id="m15">fileUpload.FileUploadTests#testFileUpload</h3><table class="result"><tr><th class="invisible"/></tr></table><p class="totop"><a href="#summary">back to summary</a></p>
<h3 id="m16">forgotPassword.ForgotPasswordTests#testForgottenEmail</h3><table class="result"><tr><th class="invisible"/></tr></table><p class="totop"><a href="#summary">back to summary</a></p>
<h3 id="m17">frames.FrameTests#testEditor</h3><table class="result"><tr><th class="invisible"/></tr></table><p class="totop"><a href="#summary">back to summary</a></p>
<h3 id="m18">js.JavaScriptTests#testJS</h3><table class="result"><tr><th class="invisible"/></tr></table><p class="totop"><a href="#summary">back to summary</a></p>
<h3 id="m19">keys.KeysTests#testBackSpace</h3><table class="result"><tr><th class="invisible"/></tr></table><p class="totop"><a href="#summary">back to summary</a></p>
<h3 id="m20">keys.KeysTests#testShortCuts</h3><table class="result"><tr><th class="invisible"/></tr></table><p class="totop"><a href="#summary">back to summary</a></p>
<h3 id="m21">modals.ModalTests#testModal</h3><table class="result"><tr><th class="invisible"/></tr></table><p class="totop"><a href="#summary">back to summary</a></p>
<h3 id="m22">navigation.NavigationTests#testNavigation</h3><table class="result"><tr><th class="invisible"/></tr></table><p class="totop"><a href="#summary">back to summary</a></p>
<h3 id="m23">navigation.NavigationTests#testSwitchToTab</h3><table class="result"><tr><th class="invisible"/></tr></table><p class="totop"><a href="#summary">back to summary</a></p>
<h3 id="m24">shiftingContent.ShiftingContentTests#testShiftingContentMenu</h3><table class="result"><tr><th class="invisible"/></tr></table><p class="totop"><a href="#summary">back to summary</a></p>
<h3 id="m25">wait.WaitTests#testWaits</h3><table class="result"><tr><th class="invisible"/></tr></table><p class="totop"><a href="#summary">back to summary</a></p>
</body>
</html>
